<?xml version="1.0" encoding="UTF-8"?>
<testng-results ignored="0" total="1" passed="1" failed="0" skipped="0">
  <reporter-output>
  </reporter-output>
  <suite started-at="2022-10-28T07:02:36 BST" name="Surefire suite" finished-at="2022-10-28T07:02:57 BST" duration-ms="20847">
    <groups>
      <group name="cucumber">
        <method signature="AbstractTestNGCucumberTests.runScenario(io.cucumber.testng.PickleWrapper,io.cucumber.testng.FeatureWrapper)[pri:0, instance:runners.TestRunner@6497b078]" name="runScenario" class="io.cucumber.testng.AbstractTestNGCucumberTests"/>
      </group> <!-- cucumber -->
    </groups>
    <test started-at="2022-10-28T07:02:36 BST" name="Surefire test" finished-at="2022-10-28T07:02:57 BST" duration-ms="20847">
      <class name="runners.TestRunner">
        <test-method is-config="true" signature="setUpClass()[pri:0, instance:runners.TestRunner@6497b078]" started-at="2022-10-28T07:02:36 BST" name="setUpClass" finished-at="2022-10-28T07:02:37 BST" duration-ms="1062" status="PASS">
          <reporter-output>
          </reporter-output>
        </test-method> <!-- setUpClass -->
        <test-method signature="runScenario(io.cucumber.testng.PickleWrapper,io.cucumber.testng.FeatureWrapper)[pri:0, instance:runners.TestRunner@6497b078]" started-at="2022-10-28T07:02:37 BST" name="runScenario" description="Runs Cucumber Scenarios" data-provider="scenarios" finished-at="2022-10-28T07:02:55 BST" duration-ms="18491" status="PASS">
          <params>
            <param index="0">
              <value>
                <![CDATA["Job Application at Kerv Digital"]]>
              </value>
            </param>
            <param index="1">
              <value>
                <![CDATA["Optional[Job Application]"]]>
              </value>
            </param>
          </params>
          <reporter-output>
          </reporter-output>
        </test-method> <!-- runScenario -->
        <test-method is-config="true" signature="tearDownClass()[pri:0, instance:runners.TestRunner@6497b078]" started-at="2022-10-28T07:02:56 BST" name="tearDownClass" finished-at="2022-10-28T07:02:57 BST" duration-ms="1241" status="PASS">
          <reporter-output>
          </reporter-output>
        </test-method> <!-- tearDownClass -->
      </class> <!-- runners.TestRunner -->
    </test> <!-- Surefire test -->
  </suite> <!-- Surefire suite -->
</testng-results>
